Arguments: 
  /usr/local/bin/node /usr/local/Cellar/yarn/1.21.1/libexec/bin/yarn.js

PATH: 
  /usr/local/bin:/usr/bin:/bin:/usr/sbin:/sbin:/usr/local/go/bin:/usr/local/share/dotnet:~/.dotnet/tools

Yarn version: 
  1.21.1

Node version: 
  11.15.0

Platform: 
  darwin x64

Trace: 
  Error: ENOENT: no such file or directory, lstat '/Users/alonnovy/Documents/Immutable/platform-contracts/packages/order-generator/node_modules/@imtbl/utils/node_modules/typescript/.yarnrc'

npm manifest: 
  {
  	"name": "@imtbl/order-generator",
  	"version": "1.0.13",
  	"main": "dist/index.js",
  	"typings": "dist/index.d.ts",
  	"license": "MIT",
  	"private": true,
  	"scripts": {
  		"create": "yarn ts-node src/index.ts"
  	},
  	"dependencies": {
  		"0x.js": "^7.0.2",
  		"@imtbl/addresses": "link:../addresses",
  		"@imtbl/common-types": "link:../common-types",
  		"@imtbl/gods-unchained": "link:../../contracts/gods-unchained",
  		"@imtbl/test-utils": "link:../test-utils",
  		"axios": "^0.19.0",
  		"dotenv": "^8.2.0",
  		"ethers": "4.0.42",
  		"ts-node": "^8.4.1",
  		"typescript": "3.6.4"
  	},
  	"devDependencies": {
  		"@0xproject/types": "^1.1.4",
  		"@types/bignumber.js": "^5.0.0",
  		"@types/lodash": "^4.14.137",
  		"@types/node": "^12.12.3",
  		"bignumber.js": "^9.0.0",
  		"eslint": "^5.16.0",
  		"eslint-config-airbnb-base": "^13.1.0",
  		"eslint-plugin-import": "^2.17.2",
  		"ethereum-types": "^2.1.4",
  		"tslint": "^5.19.0",
  		"tslint-config-airbnb": "^5.11.1",
  		"tslint-no-focused-test": "^0.5.0"
  	},
  	"gitHead": "ab80247209c924e520e06ae0b79a08d7e1d6b469"
  }

yarn manifest: 
  No manifest

Lockfile: 
  No lockfile
